<?xml version="1.0" encoding="UTF-8"?>
<testsuite name="LibraryTest" tests="1" skipped="0" failures="0" errors="0" timestamp="2018-05-10T21:14:21" hostname="localhost.localdomain" time="0.078">
  <properties/>
  <testcase name="should_load_library" classname="LibraryTest" time="0.078"/>
  <system-out><![CDATA[]]></system-out>
  <system-err><![CDATA[]]></system-err>
</testsuite>
